./gradlew clean build -x test
> Task :avni-rule-server:clean
> Task :avni-server-api:clean
> Task :avni-server-data:clean

> Task :avni-server-data:compileJava
warning: unknown enum constant When.MAYBE
  reason: class file for javax.annotation.meta.When not found
Note: Some input files use or override a deprecated API.
Note: Recompile with -Xlint:deprecation for details.
Note: Some input files use unchecked or unsafe operations.
Note: Recompile with -Xlint:unchecked for details.
1 warning

> Task :avni-server-data:processResources NO-SOURCE
> Task :avni-server-data:classes
> Task :avni-server-data:jar
> Task :avni-rule-server:compileJava
> Task :avni-rule-server:copyJsFiles
> Task :avni-rule-server:processResources
> Task :avni-rule-server:classes
> Task :avni-rule-server:resolveMainClassName
> Task :avni-rule-server:bootJar
> Task :avni-rule-server:bootStartScripts
> Task :avni-rule-server:bootDistTar
> Task :avni-rule-server:bootDistZip
> Task :avni-rule-server:jar
> Task :avni-rule-server:startScripts
> Task :avni-rule-server:distTar
> Task :avni-rule-server:distZip
> Task :avni-rule-server:assemble
> Task :avni-rule-server:check
> Task :avni-rule-server:build

> Task :avni-server-api:compileJava
/Users/sakshijain/Desktop/avni-server/avni-server-api/src/main/java/org/avni/server/framework/security/ApiSecurity.java:67: warning: [removal] headers() in HttpSecurity has been deprecated and marked for removal
            http.headers().xssProtection().and().contentSecurityPolicy(policyDirectives);
                ^
/Users/sakshijain/Desktop/avni-server/avni-server-api/src/main/java/org/avni/server/framework/security/ApiSecurity.java:67: warning: [removal] xssProtection() in HeadersConfigurer has been deprecated and marked for removal
            http.headers().xssProtection().and().contentSecurityPolicy(policyDirectives);
                          ^
  where H is a type-variable:
    H extends HttpSecurityBuilder<H> declared in class HeadersConfigurer
/Users/sakshijain/Desktop/avni-server/avni-server-api/src/main/java/org/avni/server/framework/security/ApiSecurity.java:67: warning: [removal] and() in HeadersConfigurer.XXssConfig has been deprecated and marked for removal
            http.headers().xssProtection().and().contentSecurityPolicy(policyDirectives);
                                          ^
  where H is a type-variable:
    H extends HttpSecurityBuilder<H> declared in class HeadersConfigurer
/Users/sakshijain/Desktop/avni-server/avni-server-api/src/main/java/org/avni/server/framework/security/ApiSecurity.java:67: warning: [removal] contentSecurityPolicy(String) in HeadersConfigurer has been deprecated and marked for removal
            http.headers().xssProtection().and().contentSecurityPolicy(policyDirectives);
                                                ^
  where H is a type-variable:
    H extends HttpSecurityBuilder<H> declared in class HeadersConfigurer
/Users/sakshijain/Desktop/avni-server/avni-server-api/src/main/java/org/avni/server/framework/security/ApiSecurity.java:69: warning: [removal] headers() in HttpSecurity has been deprecated and marked for removal
            http.headers().xssProtection();
                ^
/Users/sakshijain/Desktop/avni-server/avni-server-api/src/main/java/org/avni/server/framework/security/ApiSecurity.java:69: warning: [removal] xssProtection() in HeadersConfigurer has been deprecated and marked for removal
            http.headers().xssProtection();
                          ^
  where H is a type-variable:
    H extends HttpSecurityBuilder<H> declared in class HeadersConfigurer
/Users/sakshijain/Desktop/avni-server/avni-server-api/src/main/java/org/avni/server/framework/security/ApiSecurity.java:72: warning: [removal] headers() in HttpSecurity has been deprecated and marked for removal
        CsrfConfigurer<HttpSecurity> csrf = http.headers().frameOptions().sameOrigin().and().csrf();
                                                ^
/Users/sakshijain/Desktop/avni-server/avni-server-api/src/main/java/org/avni/server/framework/security/ApiSecurity.java:72: warning: [removal] frameOptions() in HeadersConfigurer has been deprecated and marked for removal
        CsrfConfigurer<HttpSecurity> csrf = http.headers().frameOptions().sameOrigin().and().csrf();
                                                          ^
  where H is a type-variable:
    H extends HttpSecurityBuilder<H> declared in class HeadersConfigurer
/Users/sakshijain/Desktop/avni-server/avni-server-api/src/main/java/org/avni/server/framework/security/ApiSecurity.java:72: warning: [removal] and() in SecurityConfigurerAdapter has been deprecated and marked for removal
        CsrfConfigurer<HttpSecurity> csrf = http.headers().frameOptions().sameOrigin().and().csrf();
                                                                                      ^
  where B,O are type-variables:
    B extends SecurityBuilder<O> declared in class SecurityConfigurerAdapter
    O extends Object declared in class SecurityConfigurerAdapter
/Users/sakshijain/Desktop/avni-server/avni-server-api/src/main/java/org/avni/server/framework/security/ApiSecurity.java:72: warning: [removal] csrf() in HttpSecurity has been deprecated and marked for removal
        CsrfConfigurer<HttpSecurity> csrf = http.headers().frameOptions().sameOrigin().and().csrf();
                                                                                            ^
/Users/sakshijain/Desktop/avni-server/avni-server-api/src/main/java/org/avni/server/framework/security/ApiSecurity.java:75: warning: [removal] and() in SecurityConfigurerAdapter has been deprecated and marked for removal
            httpSecurity = csrf.ignoringRequestMatchers("/api/**").csrfTokenRepository(CookieCsrfTokenRepository.withHttpOnlyFalse()).and();
                                                                                                                                     ^
  where B,O are type-variables:
    B extends SecurityBuilder<O> declared in class SecurityConfigurerAdapter
    O extends Object declared in class SecurityConfigurerAdapter
/Users/sakshijain/Desktop/avni-server/avni-server-api/src/main/java/org/avni/server/framework/security/ApiSecurity.java:80: warning: [removal] formLogin() in HttpSecurity has been deprecated and marked for removal
                .formLogin().disable()
                ^
/Users/sakshijain/Desktop/avni-server/avni-server-api/src/main/java/org/avni/server/framework/security/ApiSecurity.java:81: warning: [removal] httpBasic() in HttpSecurity has been deprecated and marked for removal
                .httpBasic().disable()
                ^
/Users/sakshijain/Desktop/avni-server/avni-server-api/src/main/java/org/avni/server/framework/security/ApiSecurity.java:85: warning: [removal] sessionManagement() in HttpSecurity has been deprecated and marked for removal
                .sessionManagement().sessionCreationPolicy(SessionCreationPolicy.STATELESS);
                ^
/Users/sakshijain/Desktop/avni-server/avni-server-api/src/main/java/org/avni/server/framework/api/ApiResourceInterceptor.java:12: warning: [removal] Integer(int) in Integer has been deprecated and marked for removal
    public static final String ONE = new Integer(1).toString();
                                     ^
Note: Some input files use or override a deprecated API.
Note: Recompile with -Xlint:deprecation for details.
Note: Some input files use unchecked or unsafe operations.
Note: Recompile with -Xlint:unchecked for details.
15 warnings

> Task :avni-server-api:processResources
> Task :avni-server-api:classes
> Task :avni-server-api:bootJar
> Task :avni-server-api:jar
> Task :avni-server-api:assemble
> Task :avni-server-api:check
> Task :avni-server-api:build
> Task :avni-server-data:resolveMainClassName
> Task :avni-server-data:bootJar SKIPPED
> Task :avni-server-data:assemble
> Task :avni-server-data:check
> Task :avni-server-data:build

BUILD SUCCESSFUL in 13s
22 actionable tasks: 22 executed
OPENCHS_DATABASE=openchs AVNI_IDP_TYPE=none java -jar avni-server-api/build/libs/avni-server-0.0.1-SNAPSHOT.jar
Standard Commons Logging discovery in action with spring-jcl: please remove commons-logging.jar from classpath in order to avoid potential conflicts

  .   ____          _            __ _ _
 /\\ / ___'_ __ _ _(_)_ __  __ _ \ \ \ \
( ( )\___ | '_ | '_| | '_ \/ _` | \ \ \ \
 \\/  ___)| |_)| | | | | || (_| |  ) ) ) )
  '  |____| .__|_| |_|_| |_\__, | / / / /
 =========|_|==============|___/=/_/_/_/

 :: Spring Boot ::                (v3.3.5)

2026-03-11T12:16:59.225+05:30  INFO 4652 --- [           main] org.avni.Avni                            : Starting Avni v0.0.1-SNAPSHOT using Java 21.0.9 with PID 4652 (/Users/sakshijain/Desktop/avni-server/avni-server-api/build/libs/avni-server-0.0.1-SNAPSHOT.jar started by sakshijain in /Users/sakshijain/Desktop/avni-server)
2026-03-11T12:16:59.226+05:30 DEBUG 4652 --- [           main] org.avni.Avni                            : Running with Spring Boot v3.3.5, Spring v6.1.14
2026-03-11T12:16:59.226+05:30  INFO 4652 --- [           main] org.avni.Avni                            : The following 1 profile is active: "dev"
2026-03-11T12:17:00.483+05:30  INFO 4652 --- [           main] org.flywaydb.core.FlywayExecutor         : Database: jdbc:postgresql://localhost:5432/openchs?currentSchema=public (PostgreSQL 14.22)
2026-03-11T12:17:00.552+05:30  INFO 4652 --- [           main] o.f.core.internal.command.DbValidate     : Successfully validated 449 migrations (execution time 00:00.056s)
2026-03-11T12:17:00.559+05:30  INFO 4652 --- [           main] o.f.core.internal.command.DbMigrate      : Current version of schema "public": 1.371
2026-03-11T12:17:00.559+05:30  WARN 4652 --- [           main] o.f.core.internal.command.DbMigrate      : outOfOrder mode is active. Migration of schema "public" may not be reproducible.
2026-03-11T12:17:00.560+05:30  INFO 4652 --- [           main] o.f.core.internal.command.DbMigrate      : Schema "public" is up to date. No migration necessary.
2026-03-11T12:17:00.620+05:30  INFO 4652 --- [           main] o.hibernate.jpa.internal.util.LogHelper  : HHH000204: Processing PersistenceUnitInfo [name: default]
2026-03-11T12:17:00.653+05:30  INFO 4652 --- [           main] org.hibernate.Version                    : HHH000412: Hibernate ORM core version 6.5.3.Final
2026-03-11T12:17:00.670+05:30  INFO 4652 --- [           main] o.h.c.internal.RegionFactoryInitiator    : HHH000025: Second-level cache region factory [org.hibernate.cache.jcache.internal.JCacheRegionFactory]
2026-03-11T12:17:00.841+05:30  WARN 4652 --- [           main] org.hibernate.orm.deprecation            : HHH90000021: Encountered deprecated setting [hibernate.temp.use_jdbc_metadata_defaults], use [hibernate.boot.allow_jdbc_metadata_access] instead
2026-03-11T12:17:00.849+05:30  WARN 4652 --- [           main] org.hibernate.orm.deprecation            : HHH90000025: PostgreSQLDialect does not need to be specified explicitly using 'hibernate.dialect' (remove the property setting and it will be selected by default)
2026-03-11T12:17:01.424+05:30  INFO 4652 --- [           main] org.ehcache.core.EhcacheManager          : Cache 'org.avni.server.domain.VirtualCatchment' created in EhcacheManager.
2026-03-11T12:17:01.425+05:30  INFO 4652 --- [           main] org.ehcache.core.EhcacheManager          : Cache 'org.avni.server.domain.Concept.conceptAnswers' created in EhcacheManager.
2026-03-11T12:17:01.425+05:30  INFO 4652 --- [           main] org.ehcache.core.EhcacheManager          : Cache 'org.avni.server.domain.AddressLevel' created in EhcacheManager.
2026-03-11T12:17:01.426+05:30  INFO 4652 --- [           main] org.ehcache.core.EhcacheManager          : Cache 'org.avni.server.domain.ConceptAnswer' created in EhcacheManager.
2026-03-11T12:17:01.426+05:30  INFO 4652 --- [           main] org.ehcache.core.EhcacheManager          : Cache 'org.avni.server.domain.Concept' created in EhcacheManager.
2026-03-11T12:17:01.427+05:30  INFO 4652 --- [           main] org.ehcache.core.EhcacheManager          : Cache 'org.avni.server.domain.User' created in EhcacheManager.
2026-03-11T12:17:01.427+05:30  INFO 4652 --- [           main] org.ehcache.core.EhcacheManager          : Cache 'org.avni.server.domain.Catchment' created in EhcacheManager.
2026-03-11T12:17:01.469+05:30  INFO 4652 --- [           main] org.ehcache.jsr107.Eh107CacheManager     : Registering Ehcache MBean javax.cache:type=CacheStatistics,CacheManager=jar.nested./Users/sakshijain/Desktop/avni-server/avni-server-api/build/libs/avni-server-0.0.1-SNAPSHOT.jar/!BOOT-INF/classes/!/ehcache.xml,Cache=org.avni.server.domain.VirtualCatchment
2026-03-11T12:17:01.470+05:30  INFO 4652 --- [           main] org.ehcache.jsr107.Eh107CacheManager     : Registering Ehcache MBean javax.cache:type=CacheStatistics,CacheManager=jar.nested./Users/sakshijain/Desktop/avni-server/avni-server-api/build/libs/avni-server-0.0.1-SNAPSHOT.jar/!BOOT-INF/classes/!/ehcache.xml,Cache=org.avni.server.domain.Concept.conceptAnswers
2026-03-11T12:17:01.470+05:30  INFO 4652 --- [           main] org.ehcache.jsr107.Eh107CacheManager     : Registering Ehcache MBean javax.cache:type=CacheStatistics,CacheManager=jar.nested./Users/sakshijain/Desktop/avni-server/avni-server-api/build/libs/avni-server-0.0.1-SNAPSHOT.jar/!BOOT-INF/classes/!/ehcache.xml,Cache=org.avni.server.domain.AddressLevel
2026-03-11T12:17:01.470+05:30  INFO 4652 --- [           main] org.ehcache.jsr107.Eh107CacheManager     : Registering Ehcache MBean javax.cache:type=CacheStatistics,CacheManager=jar.nested./Users/sakshijain/Desktop/avni-server/avni-server-api/build/libs/avni-server-0.0.1-SNAPSHOT.jar/!BOOT-INF/classes/!/ehcache.xml,Cache=org.avni.server.domain.ConceptAnswer
2026-03-11T12:17:01.470+05:30  INFO 4652 --- [           main] org.ehcache.jsr107.Eh107CacheManager     : Registering Ehcache MBean javax.cache:type=CacheStatistics,CacheManager=jar.nested./Users/sakshijain/Desktop/avni-server/avni-server-api/build/libs/avni-server-0.0.1-SNAPSHOT.jar/!BOOT-INF/classes/!/ehcache.xml,Cache=org.avni.server.domain.Concept
2026-03-11T12:17:01.470+05:30  INFO 4652 --- [           main] org.ehcache.jsr107.Eh107CacheManager     : Registering Ehcache MBean javax.cache:type=CacheStatistics,CacheManager=jar.nested./Users/sakshijain/Desktop/avni-server/avni-server-api/build/libs/avni-server-0.0.1-SNAPSHOT.jar/!BOOT-INF/classes/!/ehcache.xml,Cache=org.avni.server.domain.User
2026-03-11T12:17:01.470+05:30  INFO 4652 --- [           main] org.ehcache.jsr107.Eh107CacheManager     : Registering Ehcache MBean javax.cache:type=CacheStatistics,CacheManager=jar.nested./Users/sakshijain/Desktop/avni-server/avni-server-api/build/libs/avni-server-0.0.1-SNAPSHOT.jar/!BOOT-INF/classes/!/ehcache.xml,Cache=org.avni.server.domain.Catchment
2026-03-11T12:17:01.472+05:30  WARN 4652 --- [           main] org.hibernate.orm.cache                  : HHH90001006: Missing cache[default-update-timestamps-region] was created on-the-fly. The created cache will use a provider-specific default configuration: make sure you defined one. You can disable this warning by setting 'hibernate.javax.cache.missing_cache_strategy' to 'create'.
2026-03-11T12:17:01.474+05:30  INFO 4652 --- [           main] org.ehcache.core.EhcacheManager          : Cache 'default-update-timestamps-region' created in EhcacheManager.
2026-03-11T12:17:01.475+05:30  WARN 4652 --- [           main] org.hibernate.orm.cache                  : HHH90001006: Missing cache[default-query-results-region] was created on-the-fly. The created cache will use a provider-specific default configuration: make sure you defined one. You can disable this warning by setting 'hibernate.javax.cache.missing_cache_strategy' to 'create'.
2026-03-11T12:17:01.476+05:30  INFO 4652 --- [           main] org.ehcache.core.EhcacheManager          : Cache 'default-query-results-region' created in EhcacheManager.
2026-03-11T12:17:02.196+05:30  INFO 4652 --- [           main] o.h.e.t.j.p.i.JtaPlatformInitiator       : HHH000489: No JTA platform available (set 'hibernate.transaction.jta.platform' to enable JTA platform integration)
2026-03-11T12:17:02.265+05:30  INFO 4652 --- [           main] o.a.s.f.t.TomcatContainerCustomizer      : Enabled secure scheme (https).
2026-03-11T12:17:02.334+05:30  INFO 4652 --- [           main] o.apache.catalina.core.StandardService   : Starting service [Tomcat]
2026-03-11T12:17:02.334+05:30  INFO 4652 --- [           main] o.apache.catalina.core.StandardEngine    : Starting Servlet engine: [Apache Tomcat/10.1.31]
2026-03-11T12:17:02.351+05:30  INFO 4652 --- [           main] o.a.c.c.C.[Tomcat].[localhost].[/]       : Initializing Spring embedded WebApplicationContext
Standard Commons Logging discovery in action with spring-jcl: please remove commons-logging.jar from classpath in order to avoid potential conflicts
2026-03-11T12:17:02.382+05:30 DEBUG 4652 --- [           main] o.a.s.f.security.LimitHostNamesFilter    : Filter 'limitHostNamesFilter' configured for use
2026-03-11T12:17:02.382+05:30 DEBUG 4652 --- [           main] o.a.s.f.s.ProcessForwardedHeadersFilter  : Filter 'processForwardedHeadersFilter' configured for use
2026-03-11T12:17:03.088+05:30 DEBUG 4652 --- [           main] o.a.s.i.b.csv.BatchConfiguration$1$1     : Initializing ExecutorService
2026-03-11T12:17:03.668+05:30  INFO 4652 --- [           main] f.b.BugSnagConfiguration$$SpringCGLIB$$0 : bugsnagReleaseStage: development
2026-03-11T12:17:03.925+05:30 DEBUG 4652 --- [           main] s.a.SyncAttributesBatchConfiguration$1$1 : Initializing ExecutorService
2026-03-11T12:17:03.926+05:30 DEBUG 4652 --- [           main] rSubjectTypeCreateBatchConfiguration$1$1 : Initializing ExecutorService
2026-03-11T12:17:04.638+05:30 DEBUG 4652 --- [           main] lkSubjectMigrationBatchConfiguration$1$1 : Initializing ExecutorService
2026-03-11T12:17:05.169+05:30  INFO 4652 --- [           main] org.avni.Avni                            : Started Avni in 6.224 seconds (process running for 6.48)
2026-03-11T12:17:05.171+05:30  INFO 4652 --- [   scheduling-1] o.a.messaging.service.MessagingService   : Job started
2026-03-11T12:17:05.266+05:30  INFO 4652 --- [   scheduling-1] o.a.messaging.service.MessagingService   : Job ended
2026-03-11T12:20:59.988+05:30  INFO 4652 --- [ionShutdownHook] org.ehcache.core.EhcacheManager          : Cache 'org.avni.server.domain.User' removed from EhcacheManager.
2026-03-11T12:20:59.989+05:30  INFO 4652 --- [ionShutdownHook] org.ehcache.core.EhcacheManager          : Cache 'default-query-results-region' removed from EhcacheManager.
2026-03-11T12:20:59.989+05:30  INFO 4652 --- [ionShutdownHook] org.ehcache.core.EhcacheManager          : Cache 'org.avni.server.domain.VirtualCatchment' removed from EhcacheManager.
2026-03-11T12:20:59.989+05:30  INFO 4652 --- [ionShutdownHook] org.ehcache.core.EhcacheManager          : Cache 'org.avni.server.domain.Concept.conceptAnswers' removed from EhcacheManager.
2026-03-11T12:20:59.989+05:30  INFO 4652 --- [ionShutdownHook] org.ehcache.core.EhcacheManager          : Cache 'org.avni.server.domain.AddressLevel' removed from EhcacheManager.
2026-03-11T12:20:59.990+05:30  INFO 4652 --- [ionShutdownHook] org.ehcache.core.EhcacheManager          : Cache 'org.avni.server.domain.ConceptAnswer' removed from EhcacheManager.
2026-03-11T12:20:59.990+05:30  INFO 4652 --- [ionShutdownHook] org.ehcache.core.EhcacheManager          : Cache 'org.avni.server.domain.Catchment' removed from EhcacheManager.
2026-03-11T12:20:59.990+05:30  INFO 4652 --- [ionShutdownHook] org.ehcache.core.EhcacheManager          : Cache 'org.avni.server.domain.Concept' removed from EhcacheManager.
2026-03-11T12:20:59.994+05:30  INFO 4652 --- [ionShutdownHook] org.ehcache.core.EhcacheManager          : Cache 'default-update-timestamps-region' removed from EhcacheManager.
make: *** [start_server] Error 130
